app/build/intermediates/manifest_merge_blame_file/debug/manifest-merger-blame-debug-report.txt
1<?xml version="1.0" encoding="utf-8"?>
2<manifest xmlns:android="http://schemas.android.com/apk/res/android"
3    package="com.surya.androidlauncher"
4    android:versionCode="1"
5    android:versionName="1.0" >
6
7    <uses-sdk
8        android:minSdkVersion="24"
9        android:targetSdkVersion="34" />
10
11    <uses-permission android:name="android.permission.QUERY_ALL_PACKAGES" >
11-->src\main\AndroidManifest.xml:6:5-10:23
11-->src\main\AndroidManifest.xml:7:9-61
12    </uses-permission>
13
14    <permission
14-->[androidx.core:core:1.13.0-alpha03] AndroidManifest.xml:22:5-24:47
15        android:name="com.surya.androidlauncher.DYNAMIC_RECEIVER_NOT_EXPORTED_PERMISSION"
15-->[androidx.core:core:1.13.0-alpha03] AndroidManifest.xml:23:9-81
16        android:protectionLevel="signature" />
16-->[androidx.core:core:1.13.0-alpha03] AndroidManifest.xml:24:9-44
17
18    <uses-permission android:name="com.surya.androidlauncher.DYNAMIC_RECEIVER_NOT_EXPORTED_PERMISSION" />
18-->[androidx.core:core:1.13.0-alpha03] AndroidManifest.xml:26:5-97
18-->[androidx.core:core:1.13.0-alpha03] AndroidManifest.xml:26:22-94
19
20    <application
20-->src\main\AndroidManifest.xml:12:5-57:19
21        android:allowBackup="true"
21-->src\main\AndroidManifest.xml:13:9-35
22        android:appComponentFactory="androidx.core.app.CoreComponentFactory"
22-->[androidx.core:core:1.13.0-alpha03] AndroidManifest.xml:28:18-86
23        android:dataExtractionRules="@xml/data_extraction_rules"
23-->src\main\AndroidManifest.xml:14:9-65
24        android:debuggable="true"
25        android:extractNativeLibs="false"
26        android:fullBackupContent="@xml/backup_rules"
26-->src\main\AndroidManifest.xml:15:9-54
27        android:icon="@mipmap/ic_launcher"
27-->src\main\AndroidManifest.xml:16:9-43
28        android:label="@string/app_name"
28-->src\main\AndroidManifest.xml:17:9-41
29        android:launchMode="singleTask"
29-->src\main\AndroidManifest.xml:18:9-40
30        android:roundIcon="@mipmap/ic_launcher_round"
30-->src\main\AndroidManifest.xml:19:9-54
31        android:stateNotNeeded="true"
31-->src\main\AndroidManifest.xml:20:9-38
32        android:supportsRtl="true"
32-->src\main\AndroidManifest.xml:21:9-35
33        android:testOnly="true"
34        android:theme="@android:style/Theme.NoTitleBar.Fullscreen" >
34-->src\main\AndroidManifest.xml:22:9-67
35        <activity
35-->src\main\AndroidManifest.xml:25:9-39:20
36            android:name="com.surya.androidlauncher.AppsListActivity"
36-->src\main\AndroidManifest.xml:26:13-45
37            android:exported="true"
37-->src\main\AndroidManifest.xml:27:13-36
38            android:label="@string/app_name"
38-->src\main\AndroidManifest.xml:28:13-45
39            android:theme="@android:style/Theme.NoTitleBar.Fullscreen" >
39-->src\main\AndroidManifest.xml:29:13-71
40
41            <!--
42We also need to set the launchMode to singleTask to make sure that only
43one instance of this Activity is held by the system at any time. To show the user's wallpaper, set the theme to Theme.Wallpaper.NoTitleBar.FullScreen.
44
45The second Activity we need to add displays the applications that are installed on the user's device.
46It's also responsible for launching applications. We don't need any special configuration for this Activity. Name it AppsListActivity
47            -->
48
49        </activity>
50        <activity
50-->src\main\AndroidManifest.xml:40:9-56:20
51            android:name="com.surya.androidlauncher.MainActivity"
51-->src\main\AndroidManifest.xml:42:13-41
52            android:exported="true" >
52-->src\main\AndroidManifest.xml:43:13-36
53
54            <!-- It means ye Launcher Activity hai, and yaha se app shuru hoga -->
55            <intent-filter>
55-->src\main\AndroidManifest.xml:46:13-53:29
56                <action android:name="android.intent.action.MAIN" />
56-->src\main\AndroidManifest.xml:48:17-69
56-->src\main\AndroidManifest.xml:48:25-66
57
58                <category android:name="android.intent.category.HOME" />
58-->src\main\AndroidManifest.xml:49:17-73
58-->src\main\AndroidManifest.xml:49:27-70
59                <category android:name="android.intent.category.LAUNCHER" />
59-->src\main\AndroidManifest.xml:50:17-77
59-->src\main\AndroidManifest.xml:50:27-74
60                <category android:name="android.intent.category.DEFAULT" />
60-->src\main\AndroidManifest.xml:51:17-76
60-->src\main\AndroidManifest.xml:51:27-73
61            </intent-filter>
62        </activity>
63
64        <provider
64-->[androidx.emoji2:emoji2:1.2.0] AndroidManifest.xml:24:9-32:20
65            android:name="androidx.startup.InitializationProvider"
65-->[androidx.emoji2:emoji2:1.2.0] AndroidManifest.xml:25:13-67
66            android:authorities="com.surya.androidlauncher.androidx-startup"
66-->[androidx.emoji2:emoji2:1.2.0] AndroidManifest.xml:26:13-68
67            android:exported="false" >
67-->[androidx.emoji2:emoji2:1.2.0] AndroidManifest.xml:27:13-37
68            <meta-data
68-->[androidx.emoji2:emoji2:1.2.0] AndroidManifest.xml:29:13-31:52
69                android:name="androidx.emoji2.text.EmojiCompatInitializer"
69-->[androidx.emoji2:emoji2:1.2.0] AndroidManifest.xml:30:17-75
70                android:value="androidx.startup" />
70-->[androidx.emoji2:emoji2:1.2.0] AndroidManifest.xml:31:17-49
71            <meta-data
71-->[androidx.lifecycle:lifecycle-process:2.6.2] AndroidManifest.xml:29:13-31:52
72                android:name="androidx.lifecycle.ProcessLifecycleInitializer"
72-->[androidx.lifecycle:lifecycle-process:2.6.2] AndroidManifest.xml:30:17-78
73                android:value="androidx.startup" />
73-->[androidx.lifecycle:lifecycle-process:2.6.2] AndroidManifest.xml:31:17-49
74            <meta-data
74-->[androidx.profileinstaller:profileinstaller:1.3.0] AndroidManifest.xml:29:13-31:52
75                android:name="androidx.profileinstaller.ProfileInstallerInitializer"
75-->[androidx.profileinstaller:profileinstaller:1.3.0] AndroidManifest.xml:30:17-85
76                android:value="androidx.startup" />
76-->[androidx.profileinstaller:profileinstaller:1.3.0] AndroidManifest.xml:31:17-49
77        </provider>
78
79        <uses-library
79-->[androidx.window:window:1.0.0] AndroidManifest.xml:25:9-27:40
80            android:name="androidx.window.extensions"
80-->[androidx.window:window:1.0.0] AndroidManifest.xml:26:13-54
81            android:required="false" />
81-->[androidx.window:window:1.0.0] AndroidManifest.xml:27:13-37
82        <uses-library
82-->[androidx.window:window:1.0.0] AndroidManifest.xml:28:9-30:40
83            android:name="androidx.window.sidecar"
83-->[androidx.window:window:1.0.0] AndroidManifest.xml:29:13-51
84            android:required="false" />
84-->[androidx.window:window:1.0.0] AndroidManifest.xml:30:13-37
85
86        <receiver
86-->[androidx.profileinstaller:profileinstaller:1.3.0] AndroidManifest.xml:34:9-52:20
87            android:name="androidx.profileinstaller.ProfileInstallReceiver"
87-->[androidx.profileinstaller:profileinstaller:1.3.0] AndroidManifest.xml:35:13-76
88            android:directBootAware="false"
88-->[androidx.profileinstaller:profileinstaller:1.3.0] AndroidManifest.xml:36:13-44
89            android:enabled="true"
89-->[androidx.profileinstaller:profileinstaller:1.3.0] AndroidManifest.xml:37:13-35
90            android:exported="true"
90-->[androidx.profileinstaller:profileinstaller:1.3.0] AndroidManifest.xml:38:13-36
91            android:permission="android.permission.DUMP" >
91-->[androidx.profileinstaller:profileinstaller:1.3.0] AndroidManifest.xml:39:13-57
92            <intent-filter>
92-->[androidx.profileinstaller:profileinstaller:1.3.0] AndroidManifest.xml:40:13-42:29
93                <action android:name="androidx.profileinstaller.action.INSTALL_PROFILE" />
93-->[androidx.profileinstaller:profileinstaller:1.3.0] AndroidManifest.xml:41:17-91
93-->[androidx.profileinstaller:profileinstaller:1.3.0] AndroidManifest.xml:41:25-88
94            </intent-filter>
95            <intent-filter>
95-->[androidx.profileinstaller:profileinstaller:1.3.0] AndroidManifest.xml:43:13-45:29
96                <action android:name="androidx.profileinstaller.action.SKIP_FILE" />
96-->[androidx.profileinstaller:profileinstaller:1.3.0] AndroidManifest.xml:44:17-85
96-->[androidx.profileinstaller:profileinstaller:1.3.0] AndroidManifest.xml:44:25-82
97            </intent-filter>
98            <intent-filter>
98-->[androidx.profileinstaller:profileinstaller:1.3.0] AndroidManifest.xml:46:13-48:29
99                <action android:name="androidx.profileinstaller.action.SAVE_PROFILE" />
99-->[androidx.profileinstaller:profileinstaller:1.3.0] AndroidManifest.xml:47:17-88
99-->[androidx.profileinstaller:profileinstaller:1.3.0] AndroidManifest.xml:47:25-85
100            </intent-filter>
101            <intent-filter>
101-->[androidx.profileinstaller:profileinstaller:1.3.0] AndroidManifest.xml:49:13-51:29
102                <action android:name="androidx.profileinstaller.action.BENCHMARK_OPERATION" />
102-->[androidx.profileinstaller:profileinstaller:1.3.0] AndroidManifest.xml:50:17-95
102-->[androidx.profileinstaller:profileinstaller:1.3.0] AndroidManifest.xml:50:25-92
103            </intent-filter>
104        </receiver>
105    </application>
106
107</manifest>